<?xml version="1.0" encoding="UTF-8"?>
<testsuite xmlns:xsi="http://www.w3.org/2001/XMLSchema-instance" xsi:noNamespaceSchemaLocation="https://maven.apache.org/surefire/maven-surefire-plugin/xsd/surefire-test-report-3.0.xsd" version="3.0" name="TestSuite" time="6.746" tests="1" errors="0" skipped="0" failures="0">
  <properties>
    <property name="java.specification.version" value="21"/>
    <property name="sun.cpu.isalist" value="amd64"/>
    <property name="sun.jnu.encoding" value="Cp1255"/>
    <property name="sun.awt.enableExtraMouseButtons" value="true"/>
    <property name="java.class.path" value="C:\Projects\Selenium\Silverfort-Selenium-Java-Demo\target\test-classes;C:\Projects\Selenium\Silverfort-Selenium-Java-Demo\target\classes;C:\Users\Kendel\.m2\repository\org\testng\testng\7.4.0\testng-7.4.0.jar;C:\Users\Kendel\.m2\repository\com\beust\jcommander\1.78\jcommander-1.78.jar;C:\Users\Kendel\.m2\repository\org\webjars\jquery\3.5.1\jquery-3.5.1.jar;C:\Users\Kendel\.m2\repository\org\seleniumhq\selenium\selenium-java\4.18.1\selenium-java-4.18.1.jar;C:\Users\Kendel\.m2\repository\org\seleniumhq\selenium\selenium-chrome-driver\4.18.1\selenium-chrome-driver-4.18.1.jar;C:\Users\Kendel\.m2\repository\com\google\auto\service\auto-service-annotations\1.1.1\auto-service-annotations-1.1.1.jar;C:\Users\Kendel\.m2\repository\org\seleniumhq\selenium\selenium-chromium-driver\4.18.1\selenium-chromium-driver-4.18.1.jar;C:\Users\Kendel\.m2\repository\org\seleniumhq\selenium\selenium-json\4.18.1\selenium-json-4.18.1.jar;C:\Users\Kendel\.m2\repository\org\seleniumhq\selenium\selenium-manager\4.18.1\selenium-manager-4.18.1.jar;C:\Users\Kendel\.m2\repository\org\seleniumhq\selenium\selenium-devtools-v120\4.18.1\selenium-devtools-v120-4.18.1.jar;C:\Users\Kendel\.m2\repository\org\seleniumhq\selenium\selenium-devtools-v121\4.18.1\selenium-devtools-v121-4.18.1.jar;C:\Users\Kendel\.m2\repository\org\seleniumhq\selenium\selenium-devtools-v122\4.18.1\selenium-devtools-v122-4.18.1.jar;C:\Users\Kendel\.m2\repository\org\seleniumhq\selenium\selenium-devtools-v85\4.18.1\selenium-devtools-v85-4.18.1.jar;C:\Users\Kendel\.m2\repository\org\seleniumhq\selenium\selenium-edge-driver\4.18.1\selenium-edge-driver-4.18.1.jar;C:\Users\Kendel\.m2\repository\org\seleniumhq\selenium\selenium-firefox-driver\4.18.1\selenium-firefox-driver-4.18.1.jar;C:\Users\Kendel\.m2\repository\org\seleniumhq\selenium\selenium-http\4.18.1\selenium-http-4.18.1.jar;C:\Users\Kendel\.m2\repository\dev\failsafe\failsafe\3.3.2\failsafe-3.3.2.jar;C:\Users\Kendel\.m2\repository\org\seleniumhq\selenium\selenium-ie-driver\4.18.1\selenium-ie-driver-4.18.1.jar;C:\Users\Kendel\.m2\repository\org\seleniumhq\selenium\selenium-remote-driver\4.18.1\selenium-remote-driver-4.18.1.jar;C:\Users\Kendel\.m2\repository\com\google\guava\guava\33.0.0-jre\guava-33.0.0-jre.jar;C:\Users\Kendel\.m2\repository\com\google\guava\failureaccess\1.0.2\failureaccess-1.0.2.jar;C:\Users\Kendel\.m2\repository\com\google\guava\listenablefuture\9999.0-empty-to-avoid-conflict-with-guava\listenablefuture-9999.0-empty-to-avoid-conflict-with-guava.jar;C:\Users\Kendel\.m2\repository\com\google\code\findbugs\jsr305\3.0.2\jsr305-3.0.2.jar;C:\Users\Kendel\.m2\repository\org\checkerframework\checker-qual\3.41.0\checker-qual-3.41.0.jar;C:\Users\Kendel\.m2\repository\com\google\errorprone\error_prone_annotations\2.23.0\error_prone_annotations-2.23.0.jar;C:\Users\Kendel\.m2\repository\com\google\j2objc\j2objc-annotations\2.8\j2objc-annotations-2.8.jar;C:\Users\Kendel\.m2\repository\io\opentelemetry\semconv\opentelemetry-semconv\1.23.1-alpha\opentelemetry-semconv-1.23.1-alpha.jar;C:\Users\Kendel\.m2\repository\io\opentelemetry\opentelemetry-api\1.35.0\opentelemetry-api-1.35.0.jar;C:\Users\Kendel\.m2\repository\io\opentelemetry\opentelemetry-context\1.35.0\opentelemetry-context-1.35.0.jar;C:\Users\Kendel\.m2\repository\io\opentelemetry\opentelemetry-exporter-logging\1.35.0\opentelemetry-exporter-logging-1.35.0.jar;C:\Users\Kendel\.m2\repository\io\opentelemetry\opentelemetry-sdk-common\1.35.0\opentelemetry-sdk-common-1.35.0.jar;C:\Users\Kendel\.m2\repository\io\opentelemetry\opentelemetry-sdk-extension-autoconfigure-spi\1.35.0\opentelemetry-sdk-extension-autoconfigure-spi-1.35.0.jar;C:\Users\Kendel\.m2\repository\io\opentelemetry\opentelemetry-sdk-extension-autoconfigure\1.35.0\opentelemetry-sdk-extension-autoconfigure-1.35.0.jar;C:\Users\Kendel\.m2\repository\io\opentelemetry\opentelemetry-api-events\1.35.0-alpha\opentelemetry-api-events-1.35.0-alpha.jar;C:\Users\Kendel\.m2\repository\io\opentelemetry\opentelemetry-sdk-trace\1.35.0\opentelemetry-sdk-trace-1.35.0.jar;C:\Users\Kendel\.m2\repository\io\opentelemetry\opentelemetry-extension-incubator\1.35.0-alpha\opentelemetry-extension-incubator-1.35.0-alpha.jar;C:\Users\Kendel\.m2\repository\io\opentelemetry\opentelemetry-sdk\1.35.0\opentelemetry-sdk-1.35.0.jar;C:\Users\Kendel\.m2\repository\io\opentelemetry\opentelemetry-sdk-metrics\1.35.0\opentelemetry-sdk-metrics-1.35.0.jar;C:\Users\Kendel\.m2\repository\io\opentelemetry\opentelemetry-sdk-logs\1.35.0\opentelemetry-sdk-logs-1.35.0.jar;C:\Users\Kendel\.m2\repository\net\bytebuddy\byte-buddy\1.14.12\byte-buddy-1.14.12.jar;C:\Users\Kendel\.m2\repository\org\seleniumhq\selenium\selenium-os\4.18.1\selenium-os-4.18.1.jar;C:\Users\Kendel\.m2\repository\org\apache\commons\commons-exec\1.3\commons-exec-1.3.jar;C:\Users\Kendel\.m2\repository\org\seleniumhq\selenium\selenium-safari-driver\4.18.1\selenium-safari-driver-4.18.1.jar;C:\Users\Kendel\.m2\repository\org\seleniumhq\selenium\selenium-support\4.18.1\selenium-support-4.18.1.jar;C:\Users\Kendel\.m2\repository\org\seleniumhq\selenium\selenium-api\4.18.1\selenium-api-4.18.1.jar;C:\Users\Kendel\.m2\repository\io\qameta\allure\allure-testng\2.25.0\allure-testng-2.25.0.jar;C:\Users\Kendel\.m2\repository\io\qameta\allure\allure-java-commons\2.25.0\allure-java-commons-2.25.0.jar;C:\Users\Kendel\.m2\repository\io\qameta\allure\allure-model\2.25.0\allure-model-2.25.0.jar;C:\Users\Kendel\.m2\repository\io\qameta\allure\allure-test-filter\2.25.0\allure-test-filter-2.25.0.jar;C:\Users\Kendel\.m2\repository\org\slf4j\slf4j-jdk14\1.7.30\slf4j-jdk14-1.7.30.jar;C:\Users\Kendel\.m2\repository\org\slf4j\slf4j-api\1.7.30\slf4j-api-1.7.30.jar;C:\Users\Kendel\.m2\repository\com\github\stephenc\monte\monte-screen-recorder\0.7.7.0\monte-screen-recorder-0.7.7.0.jar;C:\Users\Kendel\.m2\repository\commons-io\commons-io\2.15.1\commons-io-2.15.1.jar;C:\Users\Kendel\.m2\repository\org\aspectj\aspectjweaver\1.9.20.1\aspectjweaver-1.9.20.1.jar;"/>
    <property name="java.vm.vendor" value="Oracle Corporation"/>
    <property name="sun.arch.data.model" value="64"/>
    <property name="user.variant" value=""/>
    <property name="java.vendor.url" value="https://java.oracle.com/"/>
    <property name="user.timezone" value="Asia/Jerusalem"/>
    <property name="os.name" value="Windows 10"/>
    <property name="java.vm.specification.version" value="21"/>
    <property name="sun.java.launcher" value="SUN_STANDARD"/>
    <property name="user.country" value="US"/>
    <property name="sun.boot.library.path" value="C:\Program Files\Java\jdk-21\bin"/>
    <property name="sun.java.command" value="C:\Users\Kendel\AppData\Local\Temp\surefire3242788328427699585\surefirebooter-20240310165052066_3.jar C:\Users\Kendel\AppData\Local\Temp\surefire3242788328427699585 2024-03-10T16-50-51_944-jvmRun1 surefire-20240310165052066_1tmp surefire_0-20240310165052066_2tmp"/>
    <property name="jdk.debug" value="release"/>
    <property name="surefire.test.class.path" value="C:\Projects\Selenium\Silverfort-Selenium-Java-Demo\target\test-classes;C:\Projects\Selenium\Silverfort-Selenium-Java-Demo\target\classes;C:\Users\Kendel\.m2\repository\org\testng\testng\7.4.0\testng-7.4.0.jar;C:\Users\Kendel\.m2\repository\com\beust\jcommander\1.78\jcommander-1.78.jar;C:\Users\Kendel\.m2\repository\org\webjars\jquery\3.5.1\jquery-3.5.1.jar;C:\Users\Kendel\.m2\repository\org\seleniumhq\selenium\selenium-java\4.18.1\selenium-java-4.18.1.jar;C:\Users\Kendel\.m2\repository\org\seleniumhq\selenium\selenium-chrome-driver\4.18.1\selenium-chrome-driver-4.18.1.jar;C:\Users\Kendel\.m2\repository\com\google\auto\service\auto-service-annotations\1.1.1\auto-service-annotations-1.1.1.jar;C:\Users\Kendel\.m2\repository\org\seleniumhq\selenium\selenium-chromium-driver\4.18.1\selenium-chromium-driver-4.18.1.jar;C:\Users\Kendel\.m2\repository\org\seleniumhq\selenium\selenium-json\4.18.1\selenium-json-4.18.1.jar;C:\Users\Kendel\.m2\repository\org\seleniumhq\selenium\selenium-manager\4.18.1\selenium-manager-4.18.1.jar;C:\Users\Kendel\.m2\repository\org\seleniumhq\selenium\selenium-devtools-v120\4.18.1\selenium-devtools-v120-4.18.1.jar;C:\Users\Kendel\.m2\repository\org\seleniumhq\selenium\selenium-devtools-v121\4.18.1\selenium-devtools-v121-4.18.1.jar;C:\Users\Kendel\.m2\repository\org\seleniumhq\selenium\selenium-devtools-v122\4.18.1\selenium-devtools-v122-4.18.1.jar;C:\Users\Kendel\.m2\repository\org\seleniumhq\selenium\selenium-devtools-v85\4.18.1\selenium-devtools-v85-4.18.1.jar;C:\Users\Kendel\.m2\repository\org\seleniumhq\selenium\selenium-edge-driver\4.18.1\selenium-edge-driver-4.18.1.jar;C:\Users\Kendel\.m2\repository\org\seleniumhq\selenium\selenium-firefox-driver\4.18.1\selenium-firefox-driver-4.18.1.jar;C:\Users\Kendel\.m2\repository\org\seleniumhq\selenium\selenium-http\4.18.1\selenium-http-4.18.1.jar;C:\Users\Kendel\.m2\repository\dev\failsafe\failsafe\3.3.2\failsafe-3.3.2.jar;C:\Users\Kendel\.m2\repository\org\seleniumhq\selenium\selenium-ie-driver\4.18.1\selenium-ie-driver-4.18.1.jar;C:\Users\Kendel\.m2\repository\org\seleniumhq\selenium\selenium-remote-driver\4.18.1\selenium-remote-driver-4.18.1.jar;C:\Users\Kendel\.m2\repository\com\google\guava\guava\33.0.0-jre\guava-33.0.0-jre.jar;C:\Users\Kendel\.m2\repository\com\google\guava\failureaccess\1.0.2\failureaccess-1.0.2.jar;C:\Users\Kendel\.m2\repository\com\google\guava\listenablefuture\9999.0-empty-to-avoid-conflict-with-guava\listenablefuture-9999.0-empty-to-avoid-conflict-with-guava.jar;C:\Users\Kendel\.m2\repository\com\google\code\findbugs\jsr305\3.0.2\jsr305-3.0.2.jar;C:\Users\Kendel\.m2\repository\org\checkerframework\checker-qual\3.41.0\checker-qual-3.41.0.jar;C:\Users\Kendel\.m2\repository\com\google\errorprone\error_prone_annotations\2.23.0\error_prone_annotations-2.23.0.jar;C:\Users\Kendel\.m2\repository\com\google\j2objc\j2objc-annotations\2.8\j2objc-annotations-2.8.jar;C:\Users\Kendel\.m2\repository\io\opentelemetry\semconv\opentelemetry-semconv\1.23.1-alpha\opentelemetry-semconv-1.23.1-alpha.jar;C:\Users\Kendel\.m2\repository\io\opentelemetry\opentelemetry-api\1.35.0\opentelemetry-api-1.35.0.jar;C:\Users\Kendel\.m2\repository\io\opentelemetry\opentelemetry-context\1.35.0\opentelemetry-context-1.35.0.jar;C:\Users\Kendel\.m2\repository\io\opentelemetry\opentelemetry-exporter-logging\1.35.0\opentelemetry-exporter-logging-1.35.0.jar;C:\Users\Kendel\.m2\repository\io\opentelemetry\opentelemetry-sdk-common\1.35.0\opentelemetry-sdk-common-1.35.0.jar;C:\Users\Kendel\.m2\repository\io\opentelemetry\opentelemetry-sdk-extension-autoconfigure-spi\1.35.0\opentelemetry-sdk-extension-autoconfigure-spi-1.35.0.jar;C:\Users\Kendel\.m2\repository\io\opentelemetry\opentelemetry-sdk-extension-autoconfigure\1.35.0\opentelemetry-sdk-extension-autoconfigure-1.35.0.jar;C:\Users\Kendel\.m2\repository\io\opentelemetry\opentelemetry-api-events\1.35.0-alpha\opentelemetry-api-events-1.35.0-alpha.jar;C:\Users\Kendel\.m2\repository\io\opentelemetry\opentelemetry-sdk-trace\1.35.0\opentelemetry-sdk-trace-1.35.0.jar;C:\Users\Kendel\.m2\repository\io\opentelemetry\opentelemetry-extension-incubator\1.35.0-alpha\opentelemetry-extension-incubator-1.35.0-alpha.jar;C:\Users\Kendel\.m2\repository\io\opentelemetry\opentelemetry-sdk\1.35.0\opentelemetry-sdk-1.35.0.jar;C:\Users\Kendel\.m2\repository\io\opentelemetry\opentelemetry-sdk-metrics\1.35.0\opentelemetry-sdk-metrics-1.35.0.jar;C:\Users\Kendel\.m2\repository\io\opentelemetry\opentelemetry-sdk-logs\1.35.0\opentelemetry-sdk-logs-1.35.0.jar;C:\Users\Kendel\.m2\repository\net\bytebuddy\byte-buddy\1.14.12\byte-buddy-1.14.12.jar;C:\Users\Kendel\.m2\repository\org\seleniumhq\selenium\selenium-os\4.18.1\selenium-os-4.18.1.jar;C:\Users\Kendel\.m2\repository\org\apache\commons\commons-exec\1.3\commons-exec-1.3.jar;C:\Users\Kendel\.m2\repository\org\seleniumhq\selenium\selenium-safari-driver\4.18.1\selenium-safari-driver-4.18.1.jar;C:\Users\Kendel\.m2\repository\org\seleniumhq\selenium\selenium-support\4.18.1\selenium-support-4.18.1.jar;C:\Users\Kendel\.m2\repository\org\seleniumhq\selenium\selenium-api\4.18.1\selenium-api-4.18.1.jar;C:\Users\Kendel\.m2\repository\io\qameta\allure\allure-testng\2.25.0\allure-testng-2.25.0.jar;C:\Users\Kendel\.m2\repository\io\qameta\allure\allure-java-commons\2.25.0\allure-java-commons-2.25.0.jar;C:\Users\Kendel\.m2\repository\io\qameta\allure\allure-model\2.25.0\allure-model-2.25.0.jar;C:\Users\Kendel\.m2\repository\io\qameta\allure\allure-test-filter\2.25.0\allure-test-filter-2.25.0.jar;C:\Users\Kendel\.m2\repository\org\slf4j\slf4j-jdk14\1.7.30\slf4j-jdk14-1.7.30.jar;C:\Users\Kendel\.m2\repository\org\slf4j\slf4j-api\1.7.30\slf4j-api-1.7.30.jar;C:\Users\Kendel\.m2\repository\com\github\stephenc\monte\monte-screen-recorder\0.7.7.0\monte-screen-recorder-0.7.7.0.jar;C:\Users\Kendel\.m2\repository\commons-io\commons-io\2.15.1\commons-io-2.15.1.jar;C:\Users\Kendel\.m2\repository\org\aspectj\aspectjweaver\1.9.20.1\aspectjweaver-1.9.20.1.jar;"/>
    <property name="sun.cpu.endian" value="little"/>
    <property name="user.home" value="C:\Users\Kendel"/>
    <property name="user.language" value="en"/>
    <property name="java.specification.vendor" value="Oracle Corporation"/>
    <property name="java.version.date" value="2024-01-16"/>
    <property name="java.home" value="C:\Program Files\Java\jdk-21"/>
    <property name="file.separator" value="\"/>
    <property name="basedir" value="C:\Projects\Selenium\Silverfort-Selenium-Java-Demo"/>
    <property name="java.vm.compressedOopsMode" value="Zero based"/>
    <property name="line.separator" value="&#10;"/>
    <property name="java.vm.specification.vendor" value="Oracle Corporation"/>
    <property name="java.specification.name" value="Java Platform API Specification"/>
    <property name="surefire.real.class.path" value="C:\Users\Kendel\AppData\Local\Temp\surefire3242788328427699585\surefirebooter-20240310165052066_3.jar"/>
    <property name="user.script" value=""/>
    <property name="sun.management.compiler" value="HotSpot 64-Bit Tiered Compilers"/>
    <property name="java.runtime.version" value="21.0.2+13-LTS-58"/>
    <property name="user.name" value="Kendel"/>
    <property name="stdout.encoding" value="Cp1255"/>
    <property name="path.separator" value=";"/>
    <property name="os.version" value="10.0"/>
    <property name="java.runtime.name" value="Java(TM) SE Runtime Environment"/>
    <property name="file.encoding" value="UTF-8"/>
    <property name="java.vm.name" value="Java HotSpot(TM) 64-Bit Server VM"/>
    <property name="localRepository" value="C:\Users\Kendel\.m2\repository"/>
    <property name="java.vendor.url.bug" value="https://bugreport.java.com/bugreport/"/>
    <property name="java.io.tmpdir" value="C:\Users\Kendel\AppData\Local\Temp\"/>
    <property name="java.version" value="21.0.2"/>
    <property name="user.dir" value="C:\Projects\Selenium\Silverfort-Selenium-Java-Demo"/>
    <property name="os.arch" value="amd64"/>
    <property name="java.vm.specification.name" value="Java Virtual Machine Specification"/>
    <property name="sun.os.patch.level" value=""/>
    <property name="native.encoding" value="Cp1255"/>
    <property name="java.library.path" value="C:\Program Files\Java\jdk-21\bin;C:\WINDOWS\Sun\Java\bin;C:\WINDOWS\system32;C:\WINDOWS;C:\Program Files\Common Files\Oracle\Java\javapath;C:\ProgramData\Oracle\Java\javapath;C:\Program Files (x86)\Intel\iCLS Client\;C:\Program Files\Intel\iCLS Client\;C:\WINDOWS\system32;C:\WINDOWS;C:\WINDOWS\System32\Wbem;C:\WINDOWS\System32\WindowsPowerShell\v1.0\;C:\Program Files (x86)\Intel\Intel(R) Management Engine Components\DAL;C:\Program Files\Intel\Intel(R) Management Engine Components\DAL;C:\Program Files (x86)\Intel\Intel(R) Management Engine Components\IPT;C:\Program Files\Intel\Intel(R) Management Engine Components\IPT;C:\Program Files (x86)\GtkSharp\2.12\bin;C:\WINDOWS\System32\OpenSSH\;C:\Program Files\NVIDIA Corporation\NVIDIA NvDLISR;C:\Program Files (x86)\NVIDIA Corporation\PhysX\Common;C:\WINDOWS\system32;C:\WINDOWS;C:\WINDOWS\System32\Wbem;C:\WINDOWS\System32\WindowsPowerShell\v1.0\;C:\WINDOWS\System32\OpenSSH\;C:\Program Files\dotnet\;C:\Program Files\nodejs\;C:\Program Files\Git\cmd;C:\Program Files\apache-maven-3.9.6\bin;C:\Program Files\allure-2.27.0\bin;C:\Users\Kendel\AppData\Local\Programs\Python\Launcher\;C:\Users\Kendel\AppData\Local\Microsoft\WindowsApps;C:\Program Files\phantomjs-2.1.1-windows\bin;C:\Program Files\casperjs\bin;;C:\Users\Kendel\AppData\Local\Programs\Microsoft VS Code\bin;C:\Users\Kendel\AppData\Roaming\npm;."/>
    <property name="java.vm.info" value="mixed mode, sharing"/>
    <property name="stderr.encoding" value="Cp1255"/>
    <property name="java.vendor" value="Oracle Corporation"/>
    <property name="java.vm.version" value="21.0.2+13-LTS-58"/>
    <property name="sun.io.unicode.encoding" value="UnicodeLittle"/>
    <property name="java.class.version" value="65.0"/>
  </properties>
  <testcase name="AnalyzeTextTest" classname="WikiMFATests" time="0.631">
    <system-out><![CDATA[----------------- Starting Execution ---------------
----------- Starting Test: Analyze Text Test -------------
Word: tries, Occurrences: 1
Word: big, Occurrences: 1
Word: smartphone, Occurrences: 1
Word: puk, Occurrences: 1
Word: when, Occurrences: 1
Word: supply, Occurrences: 2
Word: attempt, Occurrences: 1
Word: required, Occurrences: 1
Word: building, Occurrences: 1
Word: without, Occurrences: 1
Word: multi, Occurrences: 3
Word: these, Occurrences: 1
Word: offer, Occurrences: 1
Word: password, Occurrences: 5
Word: bank, Occurrences: 2
Word: protected, Occurrences: 1
Word: premise, Occurrences: 1
Word: fingerprint, Occurrences: 1
Word: connection, Occurrences: 1
Word: stick, Occurrences: 1
Word: usually, Occurrences: 2
Word: press, Occurrences: 1
Word: if, Occurrences: 1
Word: they, Occurrences: 1
Word: knowledge, Occurrences: 1
Word: app, Occurrences: 1
Word: based, Occurrences: 1
Word: unlikely, Occurrences: 1
Word: using, Occurrences: 1
Word: iris, Occurrences: 1
Word: method, Occurrences: 1
Word: in, Occurrences: 5
Word: work, Occurrences: 1
Word: is, Occurrences: 8
Word: require, Occurrences: 1
Word: otp, Occurrences: 1
Word: received, Occurrences: 1
Word: google, Occurrences: 1
Word: being, Occurrences: 1
Word: then, Occurrences: 1
Word: an, Occurrences: 7
Word: something, Occurrences: 5
Word: benefit, Occurrences: 1
Word: eye, Occurrences: 1
Word: as, Occurrences: 6
Word: at, Occurrences: 1
Word: examples, Occurrences: 2
Word: even, Occurrences: 1
Word: supplement, Occurrences: 1
Word: device, Occurrences: 1
Word: card, Occurrences: 2
Word: managers, Occurrences: 1
Word: requires, Occurrences: 2
Word: object, Occurrences: 1
Word: components, Occurrences: 1
Word: other, Occurrences: 1
Word: be, Occurrences: 3
Word: prove, Occurrences: 1
Word: access, Occurrences: 2
Word: scheme, Occurrences: 1
Word: log, Occurrences: 1
Word: another, Occurrences: 1
Word: least, Occurrences: 1
Word: pattern, Occurrences: 1
Word: two, Occurrences: 5
Word: characteristic, Occurrences: 1
Word: example, Occurrences: 1
Word: out, Occurrences: 1
Word: pieces, Occurrences: 1
Word: into, Occurrences: 1
Word: computer, Occurrences: 2
Word: known, Occurrences: 2
Word: blocked, Occurrences: 1
Word: are, Occurrences: 2
Word: identity, Occurrences: 4
Word: by, Occurrences: 4
Word: sms, Occurrences: 1
Word: sending, Occurrences: 1
Word: where, Occurrences: 1
Word: place, Occurrences: 1
Word: takes, Occurrences: 1
Word: authy, Occurrences: 1
Word: authenticator, Occurrences: 5
Word: key, Occurrences: 2
Word: knows, Occurrences: 2
Word: enables, Occurrences: 1
Word: apps, Occurrences: 2
Word: established, Occurrences: 1
Word: a, Occurrences: 19
Word: include, Occurrences: 2
Word: may, Occurrences: 2
Word: supplied, Occurrences: 2
Word: e, Occurrences: 2
Word: more, Occurrences: 1
Word: authenticity, Occurrences: 1
Word: one, Occurrences: 5
Word: g, Occurrences: 2
Word: withdrawing, Occurrences: 1
Word: token, Occurrences: 2
Word: the, Occurrences: 30
Word: actor, Occurrences: 1
Word: controlled, Occurrences: 1
Word: such, Occurrences: 6
Word: biometrics, Occurrences: 1
Word: s, Occurrences: 3
Word: able, Occurrences: 1
Word: to, Occurrences: 13
Word: asset, Occurrences: 1
Word: randomly, Occurrences: 1
Word: certain, Occurrences: 1
Word: transaction, Occurrences: 1
Word: voice, Occurrences: 1
Word: evidence, Occurrences: 3
Word: data, Occurrences: 1
Word: correct, Occurrences: 1
Word: usb, Occurrences: 1
Word: use, Occurrences: 2
Word: possession, Occurrences: 1
Word: simple, Occurrences: 1
Word: remains, Occurrences: 1
Word: constantly, Occurrences: 1
Word: microsoft, Occurrences: 1
Word: that, Occurrences: 4
Word: pin, Occurrences: 2
Word: generated, Occurrences: 2
Word: etc, Occurrences: 3
Word: continue, Occurrences: 1
Word: than, Occurrences: 2
Word: sufficient, Occurrences: 1
Word: only, Occurrences: 4
Word: claim, Occurrences: 1
Word: from, Occurrences: 1
Word: atm, Occurrences: 1
Word: has, Occurrences: 1
Word: different, Occurrences: 1
Word: combination, Occurrences: 1
Word: which, Occurrences: 2
Word: resource, Occurrences: 4
Word: typically, Occurrences: 1
Word: lastpass, Occurrences: 1
Word: incorrectly, Occurrences: 1
Word: intervals, Occurrences: 1
Word: piece, Occurrences: 1
Word: possesses, Occurrences: 2
Word: typing, Occurrences: 1
Word: party, Occurrences: 2
Word: internet, Occurrences: 1
Word: some, Occurrences: 2
Word: code, Occurrences: 2
Word: rather, Occurrences: 1
Word: additional, Occurrences: 1
Word: for, Occurrences: 2
Word: speed, Occurrences: 1
Word: network, Occurrences: 1
Word: can, Occurrences: 1
Word: security, Occurrences: 3
Word: not, Occurrences: 1
Word: along, Occurrences: 1
Word: and, Occurrences: 4
Word: of, Occurrences: 14
Word: missing, Occurrences: 1
Word: factor, Occurrences: 8
Word: physical, Occurrences: 2
Word: authentication, Occurrences: 11
Word: on, Occurrences: 1
Word: allows, Occurrences: 1
Word: carried, Occurrences: 1
Word: or, Occurrences: 8
Word: cases, Occurrences: 1
Word: multiple, Occurrences: 1
Word: certainty, Occurrences: 1
Word: exactly, Occurrences: 1
Word: any, Occurrences: 1
Word: way, Occurrences: 1
Word: factors, Occurrences: 3
Word: with, Occurrences: 3
Word: someone, Occurrences: 1
Word: application, Occurrences: 1
Word: money, Occurrences: 1
Word: third, Occurrences: 2
Word: unauthorized, Occurrences: 1
Word: refreshing, Occurrences: 1
Word: service, Occurrences: 1
Word: well, Occurrences: 1
Word: time, Occurrences: 1
Word: user, Occurrences: 15
Word: showing, Occurrences: 1
Possible typo: smartphone
Possible typo: puk
Possible typo: app
Possible typo: otp
Possible typo: google
Possible typo: sms
Possible typo: authy
Possible typo: apps
Possible typo: a
Possible typo: e
Possible typo: g
Possible typo: s
Possible typo: usb
Possible typo: microsoft
Possible typo: atm
Possible typo: lastpass
Possible typo: unauthorized
----------- Test: Analyze Text Test Passed -------------
]]></system-out>
  </testcase>
</testsuite>