<?xml version="1.0" encoding="UTF-8"?>
<!-- Generated by org.testng.reporters.JUnitReportReporter -->
<testsuite hostname="DESKTOP-O28HRBL" failures="0" tests="1" name="WikiMFATests" time="2.263" errors="0" timestamp="2024-03-10T14:48:45 IST" skipped="0">
  <testcase classname="WikiMFATests" name="AnalyzeTextTest" time="2.263"/>
  <system-out/>
</testsuite> <!-- WikiMFATests -->
