<?xml version="1.0" encoding="UTF-8"?>
<!-- Generated by org.testng.reporters.JUnitReportReporter -->
<testsuite hostname="DESKTOP-O28HRBL" failures="0" tests="1" name="XTests" time="1.517" errors="0" timestamp="2024-03-10T11:31:13 IST" skipped="0">
  <testcase classname="XTests" name="XTest" time="1.517"/>
  <system-out/>
</testsuite> <!-- XTests -->
